<?xml version="1.0" encoding="UTF-8"?>
<testng-results skipped="0" failed="0" total="1" passed="1">
  <reporter-output>
  </reporter-output>
  <suite name="Default suite" duration-ms="13789" started-at="2018-04-16T05:09:13Z" finished-at="2018-04-16T05:09:27Z">
    <groups>
    </groups>
    <test name="Default test" duration-ms="13789" started-at="2018-04-16T05:09:13Z" finished-at="2018-04-16T05:09:27Z">
      <class name="automationFramework.POM_TC">
        <test-method status="PASS" signature="beforeTest()[pri:0, instance:automationFramework.POM_TC@1794d431]" name="beforeTest" is-config="true" duration-ms="6359" started-at="2018-04-16T01:09:13Z" finished-at="2018-04-16T01:09:19Z">
          <reporter-output>
          </reporter-output>
        </test-method> <!-- beforeTest -->
        <test-method status="PASS" signature="f()[pri:0, instance:automationFramework.POM_TC@1794d431]" name="f" duration-ms="6444" started-at="2018-04-16T01:09:19Z" finished-at="2018-04-16T01:09:26Z">
          <reporter-output>
          </reporter-output>
        </test-method> <!-- f -->
        <test-method status="PASS" signature="afterTest()[pri:0, instance:automationFramework.POM_TC@1794d431]" name="afterTest" is-config="true" duration-ms="975" started-at="2018-04-16T01:09:26Z" finished-at="2018-04-16T01:09:27Z">
          <reporter-output>
          </reporter-output>
        </test-method> <!-- afterTest -->
      </class> <!-- automationFramework.POM_TC -->
    </test> <!-- Default test -->
  </suite> <!-- Default suite -->
</testng-results>
